C51 COMPILER V9.60.7.0   DESPLAY                                                           12/20/2023 10:03:05 PAGE 1   


C51 COMPILER V9.60.7.0, COMPILATION OF MODULE DESPLAY
OBJECT MODULE PLACED IN .\Objects\desplay.obj
COMPILER INVOKED BY: C:\Keil_v5\C51\BIN\C51.EXE desplay.c OPTIMIZE(8,SPEED) BROWSE DEBUG OBJECTEXTEND PRINT(.\Listings\d
                    -esplay.lst) TABS(2) OBJECT(.\Objects\desplay.obj)

line level    source

   1          void mode_select(void)
   2          {
   3   1        clear();
*** WARNING C206 IN LINE 3 OF desplay.c: 'clear': missing function-prototype
   4   1        print(0,0,"模式选择");
*** WARNING C206 IN LINE 4 OF desplay.c: 'print': missing function-prototype
*** ERROR C267 IN LINE 4 OF desplay.c: 'print': requires ANSI-style prototype
   5   1        print(0,1,"1:闯关模式")
   6   1        print(0,2,"2:练习模式")
*** ERROR C141 IN LINE 6 OF desplay.c: syntax error near 'print', expected ';'
   7   1        print(0,3,"按数字键选择模式")
*** ERROR C141 IN LINE 7 OF desplay.c: syntax error near 'print', expected ';'
   8   1      }
*** ERROR C141 IN LINE 8 OF desplay.c: syntax error near '}', expected ';'

C51 COMPILATION COMPLETE.  2 WARNING(S),  4 ERROR(S)
