C51 COMPILER V9.60.7.0   PICTURE                                                           01/04/2025 19:16:53 PAGE 1   


C51 COMPILER V9.60.7.0, COMPILATION OF MODULE PICTURE
OBJECT MODULE PLACED IN .\Objects\picture.obj
COMPILER INVOKED BY: C:\Keil_v5\C51\BIN\C51.EXE picture.c OPTIMIZE(8,SPEED) BROWSE DEBUG OBJECTEXTEND PRINT(.\Listings\p
                    -icture.lst) TABS(2) OBJECT(.\Objects\picture.obj)

line level    source

*** WARNING C500 IN LINE 1 OF picture.c: LICENSE ERROR (R207(3): REGISTRY READ ERROR)

   1          /*
   2           * @Author: 王心瀚
   3           * @Date: 2023-12-21 15:11:12
   4           * @LastEditors: 王心瀚
   5           * @LastEditTime: 2023-12-22 22:55:56
   6           * @FilePath: \undefinedc:\Users\u2021\Desktop\资料\大三\单片机\实验\提高实验\C语言版本\picture.c
   7           * @Description: 图片文件，包含需要显示的图片对应的代码
   8           * 
   9           * Copyright (c) 2023 by ${王心瀚}, All Rights Reserved. 
  10           */
  11          unsigned char code zhu[]=   //可爱的小猪图片代码
  12          {
  13          0x00,0x00,0x00,0x00,0x00,0x00,0x00,0x00,0x00,0x00,0x00,0x00,0x00,0x00,0x00,0x00,
  14          0x00,0x00,0x00,0x00,0x00,0x00,0x00,0x00,0x00,0x00,0x00,0x00,0x00,0x00,0x00,0x00,
  15          0x00,0x00,0x00,0x00,0x00,0x00,0x00,0x00,0x00,0x00,0x00,0x00,0x00,0x00,0x00,0x00,
  16          0x00,0x00,0x00,0x00,0x00,0x00,0x00,0xD4,0x00,0x00,0x00,0x00,0x00,0x00,0x00,0x00,
  17          0x00,0x00,0x00,0x00,0x00,0x00,0x05,0x01,0x00,0x00,0x00,0x00,0x00,0x00,0x00,0x00,
  18          0x00,0x00,0x00,0x00,0x00,0x00,0x10,0x00,0x80,0x00,0x00,0x00,0x00,0x00,0x00,0x00,
  19          0x00,0x00,0x00,0x00,0x00,0x00,0x20,0x00,0x00,0x00,0x00,0x00,0x00,0x00,0x00,0x00,
  20          0x00,0x00,0x00,0x00,0x00,0x00,0x40,0x00,0x80,0x00,0x00,0x00,0x00,0x00,0x00,0x00,
  21          0x00,0x00,0x00,0x00,0x00,0x20,0x00,0x00,0x00,0x00,0x00,0x00,0x00,0x00,0x00,0x00,
  22          0x00,0x00,0x03,0x50,0x00,0x50,0x80,0x01,0x00,0x00,0x00,0x00,0x00,0x00,0x00,0x00,
  23          0x00,0x00,0x3C,0x04,0x00,0xA0,0x00,0x00,0x00,0x00,0x00,0x00,0x00,0x00,0x00,0x00,
  24          0x00,0x00,0x40,0x01,0x0B,0x15,0x00,0x02,0x00,0x00,0x00,0x00,0x00,0x00,0x00,0x00,
  25          0x00,0x00,0x40,0x00,0x88,0x00,0x00,0x06,0x80,0x00,0x00,0x00,0x00,0x00,0x00,0x00,
  26          0x00,0x01,0x80,0x00,0x60,0x00,0x00,0x05,0x40,0x00,0x00,0x00,0x00,0x00,0x00,0x00,
  27          0x00,0x02,0x00,0x00,0x00,0x00,0x00,0x03,0x90,0x00,0x01,0xB6,0x36,0x00,0x00,0x00,
  28          0x00,0x00,0x00,0x00,0x00,0x00,0x00,0x02,0x40,0x00,0x01,0xFE,0x36,0x00,0x00,0x00,
  29          0x00,0x00,0x80,0x00,0x00,0x00,0x00,0x02,0x20,0x00,0x01,0xB6,0x36,0x00,0x00,0x00,
  30          0x00,0x00,0x40,0x00,0x00,0x00,0x00,0x02,0xA0,0x00,0x03,0x6F,0xFF,0x00,0x00,0x00,
  31          0x00,0x00,0x20,0x00,0x00,0x00,0x00,0x1D,0x00,0x00,0x00,0x00,0x2C,0x00,0x00,0x00,
  32          0x00,0x00,0x00,0x00,0x00,0x00,0x00,0x05,0xC0,0x00,0x00,0x00,0x28,0x00,0x00,0x00,
  33          0x00,0x00,0x10,0x00,0x00,0x00,0x00,0x04,0x00,0x00,0x00,0x00,0x38,0x00,0x00,0x00,
  34          0x00,0x00,0x00,0x00,0x00,0x00,0x00,0x0A,0x80,0x40,0x00,0x00,0x00,0x00,0x00,0x00,
  35          0x00,0x00,0x10,0x80,0x00,0x00,0x1F,0x08,0x47,0xF8,0x00,0x00,0x00,0x00,0x00,0x00,
  36          0x00,0x00,0x01,0x20,0x00,0x00,0x3D,0x13,0x0C,0x0E,0x00,0x00,0x00,0x00,0x00,0x00,
  37          0x00,0x00,0x08,0x10,0x00,0x00,0x27,0xA0,0x18,0x06,0x00,0x00,0x00,0x00,0x00,0x00,
  38          0x00,0x00,0x02,0x10,0x00,0x00,0x3F,0x80,0x38,0xC7,0x00,0x00,0x00,0x00,0x00,0x00,
  39          0x00,0x00,0x04,0x03,0xE0,0x00,0x33,0x90,0x3F,0xC7,0x00,0x00,0x00,0x00,0x00,0x00,
  40          0x00,0x00,0x00,0x03,0xB0,0x00,0x33,0x10,0x7F,0x87,0x00,0x00,0x00,0x00,0x00,0x00,
  41          0x00,0x00,0x08,0x24,0xF0,0x0C,0x0E,0x00,0xFF,0x1F,0x00,0x00,0x00,0x00,0x00,0x00,
  42          0x00,0x00,0x00,0x07,0xF0,0xC2,0x00,0x00,0xFE,0x1F,0x81,0xB3,0xE6,0xD8,0xF0,0x00,
  43          0x00,0x00,0x08,0x46,0x71,0x06,0x00,0x08,0x3F,0x1F,0x01,0xF6,0x67,0xF9,0xB0,0x00,
  44          0x00,0x00,0x00,0x03,0x20,0x98,0x00,0x00,0x3F,0xFF,0x01,0xB6,0xC6,0xD9,0x80,0x00,
  45          0x00,0x00,0x08,0x40,0xC0,0x24,0x00,0x04,0x3F,0x1F,0x03,0x7F,0xFD,0xBE,0xFC,0x00,
  46          0x00,0x00,0x00,0x00,0x00,0x00,0x00,0x02,0x1E,0x1E,0x00,0x00,0x00,0x00,0x00,0x00,
  47          0x00,0x00,0x08,0x00,0x00,0x00,0x00,0x01,0x0E,0x1C,0x00,0x00,0x00,0x00,0x00,0x00,
  48          0x00,0x00,0x08,0x00,0x00,0x00,0x00,0x00,0x87,0xF0,0x00,0x00,0x00,0x00,0x00,0x00,
  49          0x00,0x00,0x00,0x00,0x00,0x00,0x00,0x00,0x00,0x00,0x00,0x00,0x00,0x00,0x00,0x00,
  50          0x00,0x00,0x04,0x00,0x00,0x00,0x00,0x00,0x40,0x00,0x00,0x00,0x00,0x00,0x00,0x00,
  51          0x00,0x00,0x00,0x00,0x00,0x00,0x00,0x00,0x20,0x00,0x00,0x00,0x00,0x00,0x00,0x00,
  52          0x00,0x00,0x02,0x00,0x00,0x00,0x00,0x00,0x00,0x00,0x00,0x00,0x00,0x00,0x00,0x00,
  53          0x00,0x00,0x01,0x00,0x00,0x00,0x00,0x00,0x10,0x00,0x00,0x00,0x00,0x00,0x00,0x00,
C51 COMPILER V9.60.7.0   PICTURE                                                           01/04/2025 19:16:53 PAGE 2   

  54          0x00,0x00,0x00,0x80,0x00,0x00,0x00,0x00,0x00,0x00,0x00,0xC0,0x00,0x00,0x00,0x00,
  55          0x00,0x00,0x00,0x40,0x00,0x00,0x00,0x02,0x08,0x00,0x00,0xC0,0x00,0x00,0x00,0x00,
  56          0x00,0x00,0x00,0x40,0x00,0x00,0x00,0x00,0x00,0x00,0x00,0x04,0x00,0x00,0x00,0x00,
  57          0x00,0x00,0x00,0x00,0x00,0x00,0x00,0x01,0x88,0x00,0x01,0x8C,0x00,0x00,0x00,0x00,
  58          0x00,0x00,0x00,0x00,0x00,0x00,0x00,0x00,0x20,0x00,0x01,0x8E,0x00,0x00,0x00,0x00,
  59          0x00,0x00,0x00,0x40,0x00,0x00,0x00,0x01,0x00,0x00,0x01,0xB6,0x06,0xDB,0x6C,0x00,
  60          0x00,0x00,0x00,0x00,0x00,0x00,0x00,0x00,0x00,0x00,0x03,0xFF,0x06,0xDB,0x6C,0x00,
  61          0x00,0x00,0x00,0x40,0x00,0x00,0x00,0x01,0x00,0x00,0x00,0x00,0x00,0x00,0x00,0x00,
  62          0x00,0x00,0x00,0x00,0x00,0x00,0x00,0x00,0x00,0x00,0x00,0x00,0x00,0x00,0x00,0x00,
  63          0x00,0x00,0x00,0x20,0x00,0x00,0x00,0x02,0x00,0x00,0x00,0x00,0x00,0x00,0x00,0x00,
  64          0x00,0x00,0x00,0x10,0x00,0x00,0x00,0x04,0x00,0x00,0x00,0x00,0x00,0x00,0x00,0x00,
  65          0x00,0x00,0x00,0x00,0x00,0x00,0x00,0x00,0x00,0x00,0x00,0x00,0x00,0x00,0x00,0x00,
  66          0x00,0x00,0x00,0x08,0x00,0x00,0x00,0x10,0x00,0x00,0x00,0x00,0x00,0x00,0x00,0x00,
  67          0x00,0x00,0x00,0x02,0x00,0x00,0x00,0x20,0x00,0x00,0x00,0x00,0x00,0x00,0x00,0x00,
  68          0x00,0x00,0x00,0x00,0x40,0x00,0x01,0x40,0x00,0x00,0x00,0x00,0x00,0x00,0x00,0x00,
  69          0x00,0x00,0x00,0x00,0x94,0xA4,0x68,0x40,0x00,0x00,0x00,0x00,0x00,0x00,0x00,0x00,
  70          0x00,0x00,0x00,0x00,0x02,0x19,0x00,0x00,0x00,0x00,0x00,0x00,0x00,0x00,0x00,0x00,
  71          0x00,0x00,0x00,0x00,0x42,0x00,0x10,0x80,0x00,0x00,0x00,0x00,0x00,0x00,0x00,0x00,
  72          0x00,0x00,0x00,0x00,0x20,0x00,0x01,0x00,0x00,0x00,0x00,0x00,0x00,0x00,0x00,0x00,
  73          0x00,0x00,0x00,0x00,0x14,0x00,0x0A,0x00,0x00,0x00,0x00,0x00,0x00,0x00,0x00,0x00,
  74          0x00,0x00,0x00,0x00,0x00,0x00,0x00,0x00,0x00,0x00,0x00,0x00,0x00,0x00,0x00,0x00,
  75          0x00,0x00,0x00,0x00,0x00,0x00,0x00,0x00,0x00,0x00,0x00,0x00,0x00,0x00,0x00,0x00,
  76          0x00,0x00,0x00,0x00,0x00,0x00,0x00,0x00,0x00,0x00,0x00,0x00,0x00,0x00,0x00,0x00
  77          };
  78          unsigned char code sft[]=   //未来技术学院院徽图片代码
  79          {
  80          0x00,0x00,0x00,0x00,0x00,0x00,0x00,0x00,0x00,0x00,0x00,0x00,0x00,0x00,0x00,0x00,
  81          0x00,0x00,0x00,0x00,0x00,0x00,0x00,0x0F,0xF0,0x00,0x00,0x00,0x00,0x00,0x00,0x00,
  82          0x00,0x00,0x00,0x00,0x00,0x00,0x01,0xC0,0x03,0x80,0x00,0x00,0x00,0x00,0x00,0x00,
  83          0x00,0x00,0x00,0x00,0x00,0x00,0x0E,0x00,0x00,0x70,0x00,0x00,0x00,0x00,0x00,0x00,
  84          0x00,0x00,0x00,0x00,0x00,0x00,0x30,0x08,0x00,0x0C,0x00,0x00,0x00,0x00,0x00,0x00,
  85          0x00,0x00,0x00,0x00,0x00,0x00,0xC0,0x10,0x10,0x03,0x00,0x00,0x00,0x00,0x00,0x00,
  86          0x00,0x00,0x00,0x00,0x00,0x01,0x00,0x04,0x10,0x00,0x80,0x00,0x00,0x00,0x00,0x00,
  87          0x00,0x00,0x00,0x00,0x00,0x06,0x00,0x00,0x30,0x60,0x60,0x00,0x00,0x00,0x00,0x00,
  88          0x00,0x00,0x00,0x00,0x00,0x08,0x02,0x10,0x00,0x40,0x10,0x00,0x00,0x00,0x00,0x00,
  89          0x00,0x00,0x00,0x00,0x00,0x10,0x04,0x00,0x00,0x40,0x08,0x00,0x00,0x00,0x00,0x00,
  90          0x00,0x00,0x00,0x00,0x00,0x20,0x00,0x00,0x00,0x01,0x04,0x00,0x00,0x00,0x00,0x00,
  91          0x00,0x00,0x00,0x00,0x00,0x42,0x80,0x00,0x00,0x02,0xC2,0x00,0x00,0x00,0x00,0x00,
  92          0x00,0x00,0x00,0x00,0x00,0x80,0x40,0x00,0x00,0x04,0x81,0x00,0x00,0x00,0x00,0x00,
  93          0x00,0x00,0x00,0x00,0x01,0x01,0x01,0x00,0x00,0x03,0x00,0x80,0x00,0x00,0x00,0x00,
  94          0x00,0x00,0x00,0x00,0x01,0x00,0x84,0x00,0x00,0x20,0x00,0x80,0x00,0x00,0x00,0x00,
  95          0x00,0x00,0x00,0x00,0x02,0x18,0x00,0x00,0x00,0x00,0x08,0x40,0x00,0x00,0x00,0x00,
  96          0x00,0x00,0x00,0x00,0x04,0x0C,0x20,0x00,0x00,0x04,0x1C,0x20,0x00,0x00,0x00,0x00,
  97          0x00,0x00,0x00,0x00,0x04,0x00,0x40,0x01,0x80,0x02,0x00,0x20,0x00,0x00,0x00,0x00,
  98          0x00,0x00,0x00,0x00,0x08,0x10,0x80,0x03,0xC0,0x01,0x00,0x10,0x00,0x00,0x00,0x00,
  99          0x00,0x00,0x00,0x00,0x08,0x00,0x00,0x07,0xE0,0x00,0x00,0x10,0x00,0x00,0x00,0x00,
 100          0x00,0x00,0x00,0x00,0x10,0x00,0x00,0x07,0xE0,0x00,0x00,0x08,0x00,0x00,0x00,0x00,
 101          0x00,0x00,0x00,0x00,0x11,0x02,0x00,0x07,0xE0,0x00,0x40,0x88,0x00,0x00,0x00,0x00,
 102          0x00,0x00,0x00,0x00,0x00,0x80,0x00,0x77,0xEE,0x00,0x00,0x80,0x00,0x00,0x00,0x00,
 103          0x00,0x00,0x00,0x00,0x21,0x20,0x00,0xFF,0xFF,0x00,0x03,0xC4,0x00,0x00,0x00,0x00,
 104          0x00,0x00,0x00,0x00,0x20,0x00,0x00,0x3F,0xFC,0x00,0x00,0x04,0x00,0x00,0x00,0x00,
 105          0x00,0x00,0x00,0x00,0x20,0x00,0x00,0x1F,0xF8,0x00,0x00,0x04,0x00,0x00,0x00,0x00,
 106          0x00,0x00,0x00,0x00,0x00,0x00,0x00,0x07,0xE0,0x00,0x00,0x00,0x00,0x00,0x00,0x00,
 107          0x00,0x00,0x00,0x00,0x0A,0x00,0x01,0x87,0xE1,0x80,0x00,0x60,0x00,0x00,0x00,0x00,
 108          0x00,0x00,0x00,0x00,0x43,0x00,0x03,0xE7,0xE7,0xC0,0x00,0x22,0x00,0x00,0x00,0x00,
 109          0x00,0x00,0x00,0x00,0x42,0x00,0x01,0xE7,0xE7,0x80,0x00,0x82,0x00,0x00,0x00,0x00,
 110          0x00,0x00,0x00,0x00,0x40,0x00,0x00,0x67,0xE6,0x00,0x00,0x22,0x00,0x00,0x00,0x00,
 111          0x00,0x00,0x00,0x00,0x40,0x00,0x08,0x07,0xE0,0x10,0x00,0x02,0x00,0x00,0x00,0x00,
 112          0x00,0x00,0x00,0x00,0x40,0x00,0x1E,0x07,0xE0,0x78,0x00,0x02,0x00,0x00,0x00,0x00,
 113          0x00,0x00,0x00,0x00,0x40,0x00,0x1F,0x87,0xE1,0xF8,0x00,0x02,0x00,0x00,0x00,0x00,
 114          0x00,0x00,0x00,0x00,0x40,0x00,0x07,0xC7,0xE3,0xE0,0x00,0x02,0x00,0x00,0x00,0x00,
 115          0x00,0x00,0x00,0x00,0x40,0x00,0x03,0xF7,0xEF,0xC0,0x00,0x02,0x00,0x00,0x00,0x00,
C51 COMPILER V9.60.7.0   PICTURE                                                           01/04/2025 19:16:53 PAGE 3   

 116          0x00,0x00,0x00,0x00,0x40,0x00,0xE0,0xFF,0xFF,0x07,0x00,0x02,0x00,0x00,0x00,0x00,
 117          0x00,0x00,0x00,0x00,0x00,0x00,0xF8,0x3F,0xFC,0x1F,0x00,0x00,0x00,0x00,0x00,0x00,
 118          0x00,0x00,0x00,0x00,0x20,0x00,0x7E,0x0F,0xF0,0x7E,0x00,0x04,0x00,0x00,0x00,0x00,
 119          0x00,0x00,0x00,0x00,0x20,0x00,0x1F,0x87,0xE1,0xF8,0x00,0x04,0x00,0x00,0x00,0x00,
 120          0x00,0x00,0x00,0x00,0x20,0x00,0x07,0xC7,0xE3,0xE0,0x00,0x04,0x00,0x00,0x00,0x00,
 121          0x00,0x00,0x00,0x00,0x00,0x00,0x03,0xE7,0xE7,0xC0,0x00,0x00,0x00,0x00,0x00,0x00,
 122          0x00,0x00,0x00,0x00,0x10,0x02,0x00,0xE7,0xE7,0x00,0x40,0x08,0x00,0x00,0x00,0x00,
 123          0x00,0x00,0x00,0x00,0x10,0x00,0x00,0x27,0xE4,0x00,0x00,0x08,0x00,0x00,0x00,0x00,
 124          0x00,0x00,0x00,0x00,0x08,0x00,0x00,0x07,0xE0,0x00,0x00,0x10,0x00,0x00,0x00,0x00,
 125          0x00,0x00,0x00,0x00,0x08,0x00,0x80,0x07,0xE0,0x01,0x00,0x10,0x00,0x00,0x00,0x00,
 126          0x00,0x00,0x00,0x00,0x04,0x00,0x40,0x01,0x80,0x02,0x00,0x20,0x00,0x00,0x00,0x00,
 127          0x00,0x00,0x00,0x00,0x04,0x00,0x20,0x00,0x00,0x04,0x00,0x20,0x00,0x00,0x00,0x00,
 128          0x00,0x00,0x00,0x00,0x02,0x00,0x00,0x00,0x00,0x00,0x00,0x40,0x00,0x00,0x00,0x00,
 129          0x00,0x00,0x00,0x00,0x01,0x00,0x04,0x00,0x00,0x20,0x00,0x80,0x00,0x00,0x00,0x00,
 130          0x00,0x00,0x00,0x00,0x01,0x00,0x01,0x00,0x00,0x80,0x00,0x80,0x00,0x00,0x00,0x00,
 131          0x00,0x00,0x00,0x00,0x00,0x80,0x80,0x00,0x00,0x00,0x01,0x00,0x00,0x00,0x00,0x00,
 132          0x00,0x00,0x00,0x00,0x00,0x40,0x00,0x00,0x00,0x00,0x02,0x00,0x00,0x00,0x00,0x00,
 133          0x00,0x00,0x00,0x00,0x00,0x20,0x00,0x00,0x00,0x00,0x04,0x00,0x00,0x00,0x00,0x00,
 134          0x00,0x00,0x00,0x00,0x00,0x10,0x00,0x00,0x00,0x00,0x08,0x00,0x00,0x00,0x00,0x00,
 135          0x00,0x00,0x00,0x00,0x00,0x08,0x00,0x00,0x00,0x00,0x10,0x00,0x00,0x00,0x00,0x00,
 136          0x00,0x00,0x00,0x00,0x00,0x06,0x00,0x00,0x00,0x00,0x60,0x00,0x00,0x00,0x00,0x00,
 137          0x00,0x00,0x00,0x00,0x00,0x01,0x00,0x08,0x00,0x00,0x80,0x00,0x00,0x00,0x00,0x00,
 138          0x00,0x00,0x00,0x00,0x00,0x00,0xC0,0x00,0x00,0x03,0x00,0x00,0x00,0x00,0x00,0x00,
 139          0x00,0x00,0x00,0x00,0x00,0x00,0x30,0x00,0x00,0x0C,0x00,0x00,0x00,0x00,0x00,0x00,
 140          0x00,0x00,0x00,0x00,0x00,0x00,0x0C,0x00,0x00,0x30,0x00,0x00,0x00,0x00,0x00,0x00,
 141          0x00,0x00,0x00,0x00,0x00,0x00,0x01,0xC0,0x03,0x80,0x00,0x00,0x00,0x00,0x00,0x00,
 142          0x00,0x00,0x00,0x00,0x00,0x00,0x00,0x1F,0xF8,0x00,0x00,0x00,0x00,0x00,0x00,0x00,
 143          0x00,0x00,0x00,0x00,0x00,0x00,0x00,0x00,0x00,0x00,0x00,0x00,0x00,0x00,0x00,0x00
 144          };
 145          unsigned char code hust[]=    //华中科技大学LOGO(HUST)代码
 146          {
 147          0x00,0x00,0x00,0x00,0x00,0x00,0x00,0x00,0x00,0x00,0x00,0x00,0x00,0x00,0x00,0x00,
 148          0x00,0x00,0x00,0x00,0x00,0x00,0x00,0x00,0x00,0x07,0xFF,0x00,0x00,0x00,0x00,0x00,
 149          0x00,0x00,0x00,0x00,0x00,0x00,0x00,0x00,0x1F,0xFF,0xFF,0xFF,0xC0,0x00,0x00,0x00,
 150          0x00,0x00,0x00,0x00,0x00,0x00,0x00,0x07,0xFF,0xFF,0xFF,0xFF,0xFF,0x00,0x00,0x00,
 151          0x00,0x00,0x00,0x00,0x00,0x00,0x00,0x7F,0xFF,0xFF,0xFF,0xFF,0xFF,0xF0,0x00,0x00,
 152          0x00,0x00,0x00,0x00,0x00,0x00,0x03,0xFF,0xFF,0xFF,0xFF,0xFF,0xFF,0xFE,0x00,0x00,
 153          0x00,0x00,0x00,0x00,0x00,0x00,0x0F,0xFF,0xFF,0xFF,0xFF,0xFF,0xFF,0xFF,0xC0,0x00,
 154          0x00,0x00,0x00,0x00,0x00,0x00,0x3F,0xFF,0xFF,0xFF,0xFF,0xFF,0xFF,0xFF,0xF0,0x00,
 155          0x00,0x00,0x00,0x00,0x00,0x00,0x7F,0xFF,0xFF,0xFF,0xFF,0xFF,0xFF,0xFF,0xF8,0x00,
 156          0x00,0x00,0x00,0x00,0x00,0x3F,0x00,0x3F,0xFF,0xFF,0xFF,0xFF,0xFF,0xFF,0xFE,0x00,
 157          0x00,0x00,0x00,0x00,0x01,0xFE,0x00,0x00,0x3F,0xFF,0xFF,0xFF,0xFF,0xFF,0xFE,0x00,
 158          0x00,0x00,0x00,0x00,0x03,0xFE,0x00,0x00,0x00,0xFF,0xFF,0xFF,0xFF,0xFF,0xFF,0x00,
 159          0x00,0x00,0x00,0x00,0x03,0xFE,0x00,0x00,0x00,0x07,0xFF,0xFF,0xFF,0xFF,0xFF,0x80,
 160          0x00,0x00,0x00,0x00,0x07,0xFE,0x00,0x00,0x00,0x00,0x3F,0xFF,0xFF,0xFF,0xFF,0x80,
 161          0x00,0x00,0x00,0x00,0x07,0xFE,0x00,0x00,0x00,0x00,0x03,0xFF,0xFF,0xFF,0xFF,0x80,
 162          0x00,0x00,0x00,0x00,0x07,0xFF,0x00,0x00,0x00,0x00,0x00,0x3F,0xFF,0xFF,0xFF,0x80,
 163          0x00,0x00,0x00,0x00,0x03,0xFF,0x80,0x00,0x00,0x00,0x00,0x07,0xFF,0xFF,0xFF,0x80,
 164          0x00,0x00,0x00,0x00,0x01,0xFF,0xC0,0x00,0x00,0x00,0x00,0x00,0xFF,0xFF,0xFF,0x80,
 165          0x00,0x00,0x00,0x00,0x00,0xFF,0xF0,0x00,0x00,0x00,0x00,0x00,0x1F,0xFF,0xFF,0x00,
 166          0x00,0x00,0x00,0x00,0x00,0x7F,0xFC,0x00,0x00,0x00,0x00,0x00,0x03,0xFF,0xFF,0x00,
 167          0x00,0x00,0x00,0x00,0x00,0x1F,0xFE,0x00,0x00,0x00,0x00,0x00,0x00,0xFF,0xFE,0x00,
 168          0x00,0x00,0x00,0x00,0x00,0x07,0xFF,0x80,0x00,0x00,0x00,0x00,0x00,0x1F,0xFE,0x00,
 169          0x00,0x00,0x00,0x00,0x00,0x01,0xFF,0xE0,0x00,0x00,0x00,0x00,0x00,0x07,0xFC,0x00,
 170          0x00,0x00,0x00,0x00,0x00,0x00,0x3F,0xF0,0x00,0x00,0x00,0x00,0x00,0x03,0xF8,0x00,
 171          0x00,0x00,0x00,0x00,0x00,0x00,0x0F,0xFC,0x00,0x00,0x00,0x00,0x00,0x03,0xF0,0x00,
 172          0x00,0x00,0x00,0x00,0x00,0x00,0x03,0xFF,0x00,0x00,0x00,0x3F,0xFF,0xFF,0xE0,0x00,
 173          0x00,0x00,0x00,0x00,0x00,0x00,0x00,0x7F,0x80,0x00,0x01,0xFF,0xFF,0xFF,0xC0,0x00,
 174          0x00,0x00,0x00,0x00,0x00,0x00,0x00,0x1F,0xE0,0x00,0x03,0xFF,0xFF,0xFF,0x80,0x00,
 175          0x00,0x00,0x00,0x00,0x00,0x00,0x00,0x03,0xF0,0x00,0x07,0xFF,0xFF,0xFF,0x00,0x00,
 176          0x00,0x00,0x00,0x00,0x00,0x00,0x00,0x00,0x78,0x00,0x0F,0xFF,0xFF,0xFE,0x00,0x00,
 177          0x00,0x00,0x00,0x00,0x00,0x00,0x00,0x00,0x1C,0x00,0x1F,0xFF,0xFF,0xFC,0x00,0x00,
C51 COMPILER V9.60.7.0   PICTURE                                                           01/04/2025 19:16:53 PAGE 4   

 178          0x00,0x00,0x00,0x00,0x00,0x00,0x00,0x00,0x06,0x00,0x10,0x1F,0xFF,0xF8,0x00,0x00,
 179          0x00,0x00,0x03,0xFE,0x3F,0xC7,0xFC,0x7F,0xC1,0x00,0x00,0x0F,0xFC,0x00,0x00,0x00,
 180          0x00,0x00,0x03,0xFC,0x3F,0xC7,0xFC,0x7F,0xC0,0x80,0x00,0x0F,0xFC,0x00,0x00,0x00,
 181          0x00,0x00,0x07,0xFC,0x7F,0xC7,0xF8,0x7F,0x80,0x40,0x00,0x1F,0xFC,0x00,0x00,0x00,
 182          0x00,0x00,0x07,0xFC,0x7F,0xC7,0xF8,0xFF,0x80,0x70,0x00,0x1F,0xF8,0x00,0x00,0x00,
 183          0x00,0x00,0x07,0xF8,0x7F,0x8F,0xF8,0xFF,0x80,0x78,0x00,0x1F,0xF8,0x00,0x00,0x00,
 184          0x00,0x00,0x07,0xF8,0xFF,0x8F,0xF8,0xFF,0x00,0x7C,0x00,0x3F,0xF8,0x00,0x00,0x00,
 185          0x00,0x00,0x0F,0xF8,0xFF,0x8F,0xF0,0xFF,0x00,0x7E,0x00,0x3F,0xF0,0x00,0x00,0x00,
 186          0x00,0x00,0x0F,0xF8,0xFF,0x1F,0xF1,0xFF,0x00,0x7F,0x00,0x3F,0xF0,0x00,0x00,0x00,
 187          0x00,0x00,0x0F,0xF0,0xFF,0x1F,0xF1,0xFF,0x00,0x7F,0x80,0x3F,0xF0,0x00,0x00,0x00,
 188          0x00,0x00,0x1F,0xFF,0xFF,0x1F,0xE1,0xFE,0x00,0x7F,0xC0,0x7F,0xF0,0x00,0x00,0x00,
 189          0x00,0x00,0x1F,0xFF,0xFE,0x1F,0xE3,0xFE,0x00,0x7F,0xC0,0x7F,0xE0,0x00,0x00,0x00,
 190          0x00,0x00,0x1F,0xFF,0xFE,0x3F,0xE3,0xFE,0x00,0xFF,0xE0,0x7F,0xE0,0x00,0x00,0x00,
 191          0x00,0x00,0x3F,0xFF,0xFE,0x3F,0xE3,0xFC,0x00,0xFF,0xE0,0xFF,0xE0,0x00,0x00,0x00,
 192          0x00,0x00,0x3F,0xFF,0xFE,0x3F,0xC3,0xFC,0x01,0xFF,0xF0,0xFF,0xC0,0x00,0x00,0x00,
 193          0x00,0x00,0x3F,0xFF,0xFC,0x7F,0xC7,0xFC,0x01,0xFF,0xF0,0xFF,0xC0,0x00,0x00,0x00,
 194          0x00,0x00,0x3F,0xE7,0xFC,0x7F,0xFF,0xF8,0x03,0xFF,0xF1,0xFF,0xC0,0x00,0x00,0x00,
 195          0x00,0x00,0x7F,0xC7,0xFC,0x7F,0xFF,0xF8,0x07,0xFF,0xF1,0xFF,0x80,0x00,0x00,0x00,
 196          0x00,0x00,0x7F,0xC7,0xF8,0x7F,0xFF,0xF8,0x0F,0xFF,0xF1,0xFF,0x80,0x00,0x00,0x00,
 197          0x00,0x00,0x7F,0x87,0xF8,0xFF,0xFF,0xF8,0x1F,0xFF,0xF1,0xFF,0x80,0x00,0x00,0x00,
 198          0x00,0x00,0xFF,0x8F,0xF8,0xFF,0xFF,0xF0,0x3F,0xFF,0xF3,0xFF,0x80,0x00,0x00,0x00,
 199          0x00,0x00,0xFF,0x8F,0xF8,0xFF,0xFF,0xF0,0xFF,0xFF,0xF3,0xFF,0x00,0x00,0x00,0x00,
 200          0x00,0x00,0x00,0x00,0x00,0x00,0x00,0x03,0xFF,0xFF,0xE3,0xFF,0x00,0x00,0x00,0x00,
 201          0x00,0x00,0x00,0x00,0x00,0x00,0x00,0x0F,0xFF,0xFF,0xE7,0xFF,0x00,0x00,0x00,0x00,
 202          0x00,0x00,0x00,0x00,0x00,0x00,0x01,0xFF,0xFF,0xFF,0xC7,0xFE,0x00,0x00,0x00,0x00,
 203          0x00,0x03,0xFC,0x00,0x00,0x00,0xFF,0xFF,0xFF,0xFF,0x87,0xFE,0x00,0x00,0x00,0x00,
 204          0x00,0x1F,0xFF,0xFF,0xFF,0xFF,0xFF,0xFF,0xFF,0xFF,0x07,0xFE,0x00,0x00,0x00,0x00,
 205          0x00,0x7F,0xFF,0xFF,0xFF,0xFF,0xFF,0xFF,0xFF,0xFE,0x0F,0xFE,0x00,0x00,0x00,0x00,
 206          0x01,0xFF,0xFF,0xFF,0xFF,0xFF,0xFF,0xFF,0xFF,0xFC,0x0F,0xFC,0x00,0x00,0x00,0x00,
 207          0x00,0x00,0x00,0x00,0x00,0x00,0x00,0x00,0x00,0x00,0x00,0x00,0x00,0x00,0x00,0x00,
 208          0x00,0x00,0x00,0x00,0x00,0x00,0x00,0x00,0x00,0x00,0x00,0x00,0x00,0x00,0x00,0x00,
 209          0x00,0x00,0x00,0x00,0x00,0x00,0x00,0x00,0x00,0x00,0x00,0x00,0x00,0x00,0x00,0x00,
 210          0x00,0x00,0x00,0x00,0x00,0x00,0x00,0x00,0x00,0x00,0x00,0x00,0x00,0x00,0x00,0x00
 211          };
 212          unsigned char code csyx[]=  //猜数游戏LOGO图片代码
 213          {
 214          0x00,0x00,0x01,0x80,0x00,0x00,0x00,0x00,0x00,0x00,0x00,0x00,0x00,0x00,0x00,0x00,
 215          0x00,0x00,0x01,0xC0,0x00,0x01,0x80,0x00,0x00,0x00,0x18,0x00,0x00,0x00,0x00,0x00,
 216          0x00,0x00,0x00,0xE0,0x00,0x01,0x80,0x00,0x00,0x00,0x3C,0x00,0x00,0x1C,0x00,0x00,
 217          0x00,0x00,0xC0,0xF0,0x00,0x01,0x80,0x00,0x00,0xC2,0x4C,0x00,0x00,0x1E,0x38,0x00,
 218          0x00,0x00,0xE1,0xF8,0x00,0x01,0xE1,0x80,0x00,0x67,0x8C,0x00,0x00,0x0E,0x3C,0x00,
 219          0x00,0x1D,0xE7,0xE0,0x00,0x01,0xF0,0xC0,0x00,0x73,0x9F,0x80,0x00,0x07,0x0C,0x00,
 220          0x00,0x1F,0xC7,0xC0,0x00,0x03,0xE0,0xC0,0x00,0x76,0x1F,0x80,0x00,0x07,0x20,0x00,
 221          0x00,0x07,0x83,0xE0,0x00,0x1F,0xE0,0x80,0x00,0x00,0xFF,0x00,0x00,0xE3,0xF0,0x00,
 222          0x00,0x07,0x8F,0xE0,0x00,0x3F,0x81,0x80,0x04,0x07,0xFF,0x00,0x01,0xF3,0xE0,0x00,
 223          0x00,0x0F,0x0F,0xDE,0x00,0x3B,0x11,0x00,0x06,0x1F,0xFE,0x00,0x03,0xF3,0xC0,0x00,
 224          0x00,0x0F,0x07,0xFF,0x00,0x3E,0x73,0x00,0x07,0x3F,0x1F,0x00,0x07,0xE7,0x80,0x00,
 225          0x00,0x1B,0x8F,0xC0,0x00,0x0F,0xF3,0x00,0x03,0xFF,0x3F,0x00,0x0F,0xE7,0xA0,0x00,
 226          0x00,0x33,0xFE,0xE0,0x00,0x1F,0x03,0x80,0x03,0xB7,0xFF,0x00,0x03,0xFF,0xB0,0x00,
 227          0x00,0x63,0xF7,0xB0,0x00,0x3C,0x61,0xC0,0x03,0x0F,0xEE,0x00,0x18,0xFC,0xF0,0x00,
 228          0x00,0x07,0xC6,0x30,0x00,0x7C,0xE0,0x60,0x03,0x2E,0xCE,0x00,0x3F,0xC0,0xF0,0x00,
 229          0x00,0x0F,0x07,0xF0,0x01,0xFC,0xC0,0x60,0x02,0x7C,0xCF,0x80,0x67,0xC0,0xE0,0x00,
 230          0x00,0x1F,0x07,0xF0,0x01,0xEF,0xC0,0xC0,0x02,0x59,0x9F,0xC0,0x03,0xE0,0xE0,0x00,
 231          0x00,0x1F,0x07,0xB0,0x00,0x0F,0xFF,0xC0,0x02,0xD1,0xFF,0xC0,0x83,0xF3,0xE0,0x00,
 232          0x00,0x1B,0x0F,0xB0,0x00,0x3D,0xE7,0xE0,0x00,0xD3,0xFF,0x80,0x4F,0x7F,0x30,0x00,
 233          0x00,0x13,0x0F,0xF0,0x00,0x7F,0xE3,0xF0,0x03,0x8F,0x83,0x00,0x7E,0x38,0x18,0x00,
 234          0x00,0x03,0x0D,0xB0,0x00,0xC7,0x3E,0x78,0x03,0x8E,0x83,0x00,0x18,0x10,0x18,0x80,
 235          0x00,0x03,0x0C,0x38,0x00,0xCE,0x30,0x1C,0x01,0x8C,0xC3,0x00,0x00,0x00,0x0D,0x80,
 236          0x00,0x03,0x0C,0xF0,0x00,0x7F,0xE0,0x0C,0x01,0x80,0x67,0x00,0x00,0x00,0x07,0x80,
 237          0x00,0x01,0x04,0x70,0x00,0x30,0xC0,0x04,0x00,0x00,0x7E,0x00,0x00,0x00,0x07,0x80,
 238          0x00,0x00,0x00,0x70,0x00,0x00,0x00,0x00,0x00,0x00,0x1C,0x00,0x00,0x00,0x03,0x80,
 239          0x00,0x00,0x00,0x30,0x00,0x00,0x00,0x00,0x00,0x00,0x00,0x00,0x00,0x00,0x00,0x80,
C51 COMPILER V9.60.7.0   PICTURE                                                           01/04/2025 19:16:53 PAGE 5   

 240          0x00,0x00,0x00,0x00,0x00,0x00,0x00,0x00,0x00,0x00,0x00,0x00,0x00,0x00,0x00,0x00,
 241          0x00,0x00,0x00,0x00,0x00,0x00,0x00,0x00,0x00,0x00,0x00,0x00,0x00,0x00,0x00,0x00,
 242          0x00,0x00,0x00,0x00,0x00,0x00,0x00,0x00,0x00,0x00,0x00,0x00,0x00,0x00,0x00,0x00,
 243          0x00,0x00,0x00,0x00,0x00,0x00,0x00,0x00,0x00,0x00,0x00,0x00,0x00,0x00,0x00,0x00,
 244          0x00,0x00,0x00,0x00,0x00,0x00,0x00,0x00,0x00,0x00,0x00,0x00,0x00,0x00,0x00,0x00,
 245          0x00,0x00,0x00,0x00,0x00,0x00,0x00,0x00,0x00,0x00,0x00,0x00,0x00,0x00,0x00,0x00,
 246          0x00,0x00,0x00,0x00,0x00,0x00,0x00,0x00,0x00,0x00,0x00,0x00,0x00,0x00,0x00,0x00,
 247          0x00,0x00,0x00,0x00,0x00,0x00,0x00,0x00,0x00,0x00,0x00,0x00,0x00,0x00,0x00,0x00,
 248          0x00,0x00,0x00,0x00,0x00,0x00,0x00,0x00,0x00,0x00,0x00,0x00,0x00,0x00,0x00,0x00,
 249          0x00,0x00,0x00,0x00,0x00,0x00,0x00,0x00,0x00,0x00,0x00,0x00,0x00,0x00,0x00,0x00,
 250          0x00,0x00,0x00,0x00,0x00,0x00,0x00,0x00,0x00,0x00,0x00,0x00,0x00,0x00,0x00,0x00,
 251          0x00,0x00,0x00,0x00,0x00,0x00,0x00,0x00,0x00,0x00,0x00,0x00,0x00,0x00,0x00,0x00,
 252          0x00,0x00,0x00,0x00,0x00,0x00,0x00,0x00,0x00,0x00,0x00,0x00,0x00,0x00,0x00,0x00,
 253          0x00,0x00,0x00,0x00,0x00,0x00,0x00,0x00,0x00,0x00,0x00,0x00,0x00,0x00,0x00,0x00,
 254          0x00,0x00,0x00,0x00,0x00,0x00,0x00,0x00,0x00,0x00,0x00,0x00,0x00,0x00,0x00,0x00,
 255          0x00,0x00,0x00,0x00,0x00,0x00,0x00,0x00,0x00,0x00,0x00,0x00,0x00,0x00,0x00,0x00,
 256          0x00,0x00,0x00,0x00,0x00,0x00,0x00,0x00,0x00,0x00,0x00,0x00,0x00,0x00,0x00,0x00,
 257          0x00,0x00,0x00,0x00,0x00,0x00,0x00,0x00,0x00,0x00,0x00,0x00,0x00,0x00,0x00,0x00,
 258          0x00,0x00,0x00,0x00,0x00,0x00,0x00,0x00,0x00,0x00,0x00,0x00,0x00,0x00,0x00,0x00,
 259          0x00,0x00,0x00,0x00,0x00,0x00,0x00,0x00,0x00,0x00,0x00,0x00,0x00,0x00,0x00,0x00,
 260          0x00,0x00,0x00,0x00,0x00,0x00,0x00,0x00,0x00,0x00,0x00,0x00,0x00,0x00,0x00,0x00,
 261          0x00,0x1E,0x00,0x00,0x00,0x00,0x04,0x00,0x00,0x00,0x07,0x80,0x00,0x00,0x00,0x00,
 262          0x00,0x7F,0x00,0x00,0x00,0x00,0x04,0x00,0x00,0x00,0x1F,0xC0,0x00,0x00,0x00,0x00,
 263          0x00,0xC0,0x00,0x00,0x00,0x00,0x00,0x00,0x00,0x00,0x38,0x00,0x00,0x00,0x00,0x00,
 264          0x01,0x80,0x00,0x00,0x00,0x00,0x00,0x00,0x00,0x00,0x30,0x00,0x00,0x00,0x00,0x00,
 265          0x01,0x80,0x10,0x43,0xC3,0xE3,0xC4,0x7E,0x0F,0xC0,0x60,0x03,0xE3,0x73,0xC3,0xE0,
 266          0x03,0x00,0x10,0xC6,0x63,0x06,0x0C,0x73,0x18,0xC0,0x60,0x02,0x63,0x9C,0xC6,0x30,
 267          0x03,0x0F,0x10,0xCC,0x36,0x06,0x04,0x61,0x30,0xC0,0x61,0xC0,0x33,0x0C,0x64,0x30,
 268          0x03,0x07,0x10,0xCF,0xF3,0x87,0x0C,0x41,0x30,0x40,0x61,0xE1,0xF3,0x08,0x67,0xF0,
 269          0x01,0x01,0x10,0xCF,0xF1,0xC3,0xCC,0x41,0x30,0x40,0x60,0x67,0xF3,0x08,0x67,0xF0,
 270          0x01,0x81,0x10,0xCC,0x00,0x60,0xC4,0x41,0x30,0x40,0x60,0x66,0x33,0x08,0x64,0x00,
 271          0x00,0xC1,0x98,0xC4,0x00,0x20,0x64,0x41,0x10,0xC0,0x30,0x64,0x33,0x08,0x66,0x00,
 272          0x00,0xFF,0x1F,0xC7,0xE7,0xE7,0xCC,0x61,0x1F,0xC0,0x1F,0xE7,0xF3,0x08,0x63,0xE0,
 273          0x00,0x3E,0x0E,0x43,0xC3,0xC7,0x84,0x41,0x0E,0x40,0x07,0x83,0x80,0x08,0x01,0xE0,
 274          0x00,0x00,0x00,0x00,0x00,0x00,0x00,0x00,0x00,0x40,0x00,0x00,0x00,0x00,0x00,0x00,
 275          0x00,0x00,0x00,0x00,0x00,0x00,0x00,0x00,0x00,0xC0,0x00,0x00,0x00,0x00,0x00,0x00,
 276          0x00,0x00,0x00,0x00,0x00,0x00,0x00,0x00,0x1F,0x80,0x00,0x00,0x00,0x00,0x00,0x00,
 277          0x00,0x00,0x00,0x00,0x00,0x00,0x00,0x00,0x0E,0x00,0x00,0x00,0x00,0x00,0x00,0x00
 278          };
 279          unsigned char code xxdj[]=    //谢谢大家图片代码
 280          {
 281          0x00,0x00,0x00,0x00,0x00,0x00,0x00,0x00,0x00,0x00,0x00,0x00,0x00,0x00,0x00,0x00,
 282          0x00,0x00,0x00,0x00,0x00,0x00,0x00,0x00,0x00,0x00,0x00,0x00,0x00,0x00,0x00,0x00,
 283          0x00,0x00,0x00,0x00,0x00,0x00,0x00,0x00,0x00,0x00,0x00,0x00,0x00,0x00,0x00,0x00,
 284          0x00,0x00,0x00,0x00,0x00,0x00,0x00,0x00,0x00,0x00,0x00,0x00,0x00,0x00,0x00,0x00,
 285          0x00,0x00,0x00,0x00,0x00,0x00,0x00,0x00,0x00,0x00,0x00,0x00,0x00,0x00,0x00,0x00,
 286          0x00,0x00,0x00,0x20,0x00,0x01,0x80,0x00,0x00,0x00,0x00,0xC0,0x00,0x00,0x00,0x00,
 287          0x00,0x00,0x00,0x61,0x00,0x01,0x00,0x00,0x18,0x00,0x00,0x60,0x00,0x00,0x00,0x00,
 288          0x00,0x00,0x18,0x41,0x80,0xC2,0x06,0x00,0x18,0x00,0x08,0x3F,0xC0,0x38,0x00,0x00,
 289          0x00,0x00,0x08,0xB0,0x80,0x67,0x84,0x00,0x18,0x00,0x0F,0x01,0xC0,0x38,0x00,0x00,
 290          0x00,0x00,0x01,0x30,0x80,0x04,0xC4,0x00,0x18,0x00,0x18,0x00,0x00,0x38,0x00,0x00,
 291          0x00,0x00,0x01,0x30,0x80,0x04,0x84,0x00,0x18,0x00,0x10,0x78,0x00,0x38,0x00,0x00,
 292          0x00,0x00,0x01,0xF0,0x80,0x07,0x84,0x00,0x18,0xE0,0x01,0xC0,0x00,0x18,0x00,0x00,
 293          0x00,0x00,0x39,0x31,0xE0,0xE4,0x87,0x80,0x3F,0xE0,0x00,0xC4,0x00,0x10,0x00,0x00,
 294          0x00,0x00,0xF9,0xFF,0x83,0x47,0xBC,0x03,0xF8,0x00,0x03,0x0C,0x00,0x10,0x00,0x00,
 295          0x00,0x00,0x11,0x30,0x80,0x44,0x84,0x00,0x10,0x00,0x04,0x98,0x00,0x10,0x00,0x00,
 296          0x00,0x00,0x13,0xEC,0x80,0x5F,0xA4,0x00,0x18,0x00,0x01,0xF0,0x00,0x10,0x00,0x00,
 297          0x00,0x00,0x10,0xA4,0x80,0x42,0xB4,0x00,0x14,0x00,0x02,0x58,0x00,0x10,0x00,0x00,
 298          0x00,0x00,0x10,0xB0,0x80,0x84,0x84,0x00,0x36,0x00,0x04,0xEC,0x00,0x00,0x00,0x00,
 299          0x00,0x00,0x19,0x30,0x80,0xE4,0x84,0x00,0x22,0x00,0x01,0x27,0xC0,0x00,0x00,0x00,
 300          0x00,0x00,0x33,0x30,0x80,0xC8,0x84,0x00,0x63,0x00,0x06,0x21,0xC0,0x10,0x00,0x00,
 301          0x00,0x00,0x30,0x30,0x80,0x90,0x84,0x00,0xC1,0xC0,0x08,0x20,0x00,0x38,0x00,0x00,
C51 COMPILER V9.60.7.0   PICTURE                                                           01/04/2025 19:16:53 PAGE 6   

 302          0x00,0x00,0x00,0x63,0x80,0x03,0x9C,0x01,0x80,0xF0,0x00,0x60,0x00,0x38,0x00,0x00,
 303          0x00,0x00,0x00,0x61,0x80,0x01,0x8C,0x00,0x00,0x78,0x00,0xE0,0x00,0x00,0x00,0x00,
 304          0x00,0x00,0x00,0x00,0x00,0x00,0x00,0x00,0x00,0x00,0x00,0xC0,0x00,0x00,0x00,0x00,
 305          0x00,0x00,0x00,0x00,0x00,0x00,0x00,0x00,0x00,0x00,0x00,0x00,0x00,0x00,0x00,0x00,
 306          0x00,0x00,0x00,0x00,0x00,0x00,0x00,0x00,0x00,0x00,0x00,0x00,0x00,0x00,0x00,0x00,
 307          0x00,0x00,0x00,0x00,0x00,0x00,0x00,0x00,0x00,0x00,0x00,0x00,0x00,0x00,0x00,0x00,
 308          0x00,0x00,0x00,0x00,0x00,0x00,0x00,0x00,0x00,0x00,0x00,0x00,0x00,0x00,0x00,0x00,
 309          0x00,0x00,0x00,0x00,0x00,0x00,0x00,0x00,0x00,0x00,0x00,0x00,0x00,0x00,0x00,0x00,
 310          0x00,0x00,0x00,0x00,0x00,0x00,0x00,0x00,0x00,0x00,0x00,0x00,0x00,0x00,0x00,0x00,
 311          0x00,0x00,0x00,0x00,0x00,0x00,0x00,0x00,0x00,0x00,0x00,0x00,0x00,0x00,0x00,0x00,
 312          0x00,0x00,0x00,0x00,0x00,0x00,0x00,0x00,0x00,0x00,0x00,0x00,0x00,0x00,0x00,0x00,
 313          0x00,0x00,0x00,0x00,0x00,0x00,0x00,0x00,0x00,0x00,0x00,0x00,0x00,0x00,0x00,0x00,
 314          0x00,0x00,0x00,0x00,0x00,0x00,0x00,0x00,0x00,0x00,0x00,0x00,0x00,0x00,0x00,0x00,
 315          0x00,0x00,0x00,0x00,0x00,0x00,0x00,0x00,0x00,0x00,0x00,0x00,0x00,0x00,0x00,0x00,
 316          0x00,0x00,0x00,0x00,0x00,0x00,0x00,0x00,0x00,0x00,0x00,0x00,0x00,0x00,0x00,0x00,
 317          0x00,0x00,0x00,0x00,0x00,0x00,0x00,0x00,0x00,0x00,0x00,0x00,0x00,0x00,0x00,0x00,
 318          0x00,0x00,0x00,0x00,0x00,0x00,0x00,0x00,0x00,0x00,0x00,0x00,0x00,0x00,0x00,0x00,
 319          0x00,0x00,0x00,0x00,0x00,0x00,0x00,0x00,0x00,0x00,0x00,0x00,0x00,0x00,0x00,0x00,
 320          0x00,0x00,0x00,0x00,0x00,0x00,0x00,0x00,0x00,0x00,0x00,0x00,0x00,0x00,0x00,0x00,
 321          0x00,0x00,0xFF,0xE7,0x00,0x00,0x00,0x0E,0x00,0x00,0x00,0x00,0x00,0x03,0x00,0x00,
 322          0x00,0x00,0x8E,0x33,0x00,0x00,0x00,0x06,0x00,0x00,0x00,0x00,0x00,0x03,0x00,0x00,
 323          0x00,0x00,0x06,0x13,0x00,0x00,0x00,0x06,0x00,0x00,0x00,0x00,0x00,0x03,0x00,0x00,
 324          0x00,0x00,0x06,0x03,0x00,0x00,0x00,0x06,0x00,0x00,0x00,0x00,0x00,0x03,0x00,0x00,
 325          0x00,0x00,0x06,0x03,0x00,0x00,0x00,0x06,0x00,0x00,0x00,0x00,0x00,0x03,0x00,0x00,
 326          0x00,0x00,0x06,0x02,0x78,0x6C,0x77,0x86,0x30,0x0E,0x18,0x4C,0x30,0xC3,0x00,0x00,
 327          0x00,0x00,0x06,0x03,0x18,0xC6,0x39,0x86,0x20,0x06,0x08,0x86,0x30,0xC3,0x00,0x00,
 328          0x00,0x00,0x06,0x03,0x18,0xC6,0x30,0xC6,0xC0,0x06,0x11,0x83,0x30,0xC3,0x00,0x00,
 329          0x00,0x00,0x06,0x03,0x18,0x0E,0x30,0xC7,0x80,0x03,0x11,0x83,0x30,0xC1,0x00,0x00,
 330          0x00,0x00,0x06,0x03,0x18,0x26,0x30,0xC7,0x80,0x03,0x21,0x83,0x30,0xC0,0x00,0x00,
 331          0x00,0x00,0x06,0x03,0x18,0xC6,0x30,0xC6,0xC0,0x01,0xA1,0x83,0x30,0xC0,0x00,0x00,
 332          0x00,0x00,0x06,0x03,0x18,0x86,0x30,0xC6,0x60,0x01,0xE1,0x83,0x30,0xC0,0x00,0x00,
 333          0x00,0x00,0x06,0x03,0x08,0x86,0x30,0xC6,0x70,0x00,0xC1,0xC2,0x30,0xC0,0x00,0x00,
 334          0x00,0x00,0x0E,0x03,0x1C,0xFF,0x30,0xC6,0x38,0x00,0xC0,0xC4,0x1E,0xE3,0x00,0x00,
 335          0x00,0x00,0x0E,0x07,0x1C,0x62,0x30,0xC6,0x38,0x00,0x80,0x38,0x0C,0x83,0x00,0x00,
 336          0x00,0x00,0x00,0x00,0x00,0x00,0x00,0x00,0x00,0x00,0x80,0x00,0x00,0x00,0x00,0x00,
 337          0x00,0x00,0x00,0x00,0x00,0x00,0x00,0x00,0x00,0x01,0x80,0x00,0x00,0x00,0x00,0x00,
 338          0x00,0x00,0x00,0x00,0x00,0x00,0x00,0x00,0x00,0x0F,0x00,0x00,0x00,0x00,0x00,0x00,
 339          0x00,0x00,0x00,0x00,0x00,0x00,0x00,0x00,0x00,0x0E,0x00,0x00,0x00,0x00,0x00,0x00,
 340          0x00,0x00,0x00,0x00,0x00,0x00,0x00,0x00,0x00,0x00,0x00,0x00,0x00,0x00,0x00,0x00,
 341          0x00,0x00,0x00,0x00,0x00,0x00,0x00,0x00,0x00,0x00,0x00,0x00,0x00,0x00,0x00,0x00,
 342          0x00,0x00,0x00,0x00,0x00,0x00,0x00,0x00,0x00,0x00,0x00,0x00,0x00,0x00,0x00,0x00,
 343          0x00,0x00,0x00,0x00,0x00,0x00,0x00,0x00,0x00,0x00,0x00,0x00,0x00,0x00,0x00,0x00,
 344          0x00,0x00,0x00,0x00,0x00,0x00,0x00,0x00,0x00,0x00,0x00,0x00,0x00,0x00,0x00,0x00
 345          };


MODULE INFORMATION:   STATIC OVERLAYABLE
   CODE SIZE        =   ----    ----
   CONSTANT SIZE    =   5120    ----
   XDATA SIZE       =   ----    ----
   PDATA SIZE       =   ----    ----
   DATA SIZE        =   ----    ----
   IDATA SIZE       =   ----    ----
   BIT SIZE         =   ----    ----
END OF MODULE INFORMATION.


C51 COMPILATION COMPLETE.  1 WARNING(S),  0 ERROR(S)
