C51 COMPILER V9.60.7.0   TIME                                                              01/04/2025 19:16:53 PAGE 1   


C51 COMPILER V9.60.7.0, COMPILATION OF MODULE TIME
OBJECT MODULE PLACED IN .\Objects\time.obj
COMPILER INVOKED BY: C:\Keil_v5\C51\BIN\C51.EXE time.c OPTIMIZE(8,SPEED) BROWSE DEBUG OBJECTEXTEND PRINT(.\Listings\time
                    -.lst) TABS(2) OBJECT(.\Objects\time.obj)

line level    source

*** WARNING C500 IN LINE 1 OF time.c: LICENSE ERROR (R207(3): REGISTRY READ ERROR)

   1          /*
   2           * @Author: 王心瀚
   3           * @Date: 2023-12-19 11:10:32
   4           * @LastEditors: 王心瀚
   5           * @LastEditTime: 2023-12-22 22:56:51
   6           * @FilePath: \undefinedc:\Users\u2021\Desktop\资料\大三\单片机\实验\提高实验\C语言版本\time.c
   7           * @Description: 时间文件，包含时间相关的函数(延时ms函数)
   8           * 
   9           * Copyright (c) 2023 by ${王心瀚}, All Rights Reserved. 
  10           */
  11          #include "time.h" //包含时间相关的头文件
  12          void delay_ms(unsigned long a) //定义一个函数delay_ms，用来延时a毫秒
  13          {
  14   1        unsigned long data time_ms_start=time_ms; //定义一个变量time_ms_start，用来存储开始的时间
  15   1        while(1) //无限循环
  16   1        {
  17   2          if(time_ms-time_ms_start==a) //如果当前时间减去开始时间等于a
  18   2            break; //跳出循环
  19   2        }
  20   1      }
  21          
  22          
  23          


MODULE INFORMATION:   STATIC OVERLAYABLE
   CODE SIZE        =     56    ----
   CONSTANT SIZE    =   ----    ----
   XDATA SIZE       =   ----    ----
   PDATA SIZE       =   ----    ----
   DATA SIZE        =   ----       8
   IDATA SIZE       =   ----    ----
   BIT SIZE         =   ----    ----
END OF MODULE INFORMATION.


C51 COMPILATION COMPLETE.  1 WARNING(S),  0 ERROR(S)
